<?xml version="1.0" encoding="UTF-8"?><testsuite name="nosetests" tests="24" errors="0" failures="0" skip="0"><testcase classname="lavendertest.MyTestCase" name="test_url" time="0.000"></testcase><testcase classname="lavendertest.MyTestCase" name="test_add_args_no_existing" time="0.000"></testcase><testcase classname="lavendertest.MyTestCase" name="test_add_args_to_existing" time="0.000"></testcase><testcase classname="lavendertest.MyTestCase" name="test_browser_stack_resolution" time="0.000"></testcase><testcase classname="lavendertest.MyTestCase" name="test_chrome_start_maximised" time="0.000"></testcase><testcase classname="lavendertest.MyTestCase" name="test_chrome_window_size" time="0.000"></testcase><testcase classname="lavendertest.MyTestCase" name="test_browser_stack_driver" time="9.544"></testcase><testcase classname="lavendertest.MyTestCase" name="test_local_chrome_driver" time="2.583"></testcase><testcase classname="lavendertest.MyTestCase" name="test_empty_record_names" time="0.000"></testcase><testcase classname="lavendertest.MyTestCase" name="test_empty_stats" time="0.000"></testcase><testcase classname="lavendertest.MyTestCase" name="test_record_names" time="0.000"></testcase><testcase classname="lavendertest.MyTestCase" name="test_stats_are_calculated" time="1.001"></testcase><testcase classname="lavendertest.MyTestCase" name="test_is_finished" time="0.000"></testcase><testcase classname="lavendertest.MyTestCase" name="test_is_not_finished" time="0.000"></testcase><testcase classname="lavendertest.MyTestCase" name="test_running_and_stopped_duration" time="4.505"></testcase><testcase classname="lavendertest.MyTestCase" name="test_running_duration" time="1.501"></testcase><testcase classname="lavendertest.MyTestCase" name="test_stopped_duration" time="1.502"></testcase><testcase classname="lavendertest.MyTestCase" name="test_count" time="0.000"></testcase><testcase classname="lavendertest.MyTestCase" name="test_mean" time="0.000"></testcase><testcase classname="lavendertest.MyTestCase" name="test_stdev" time="0.000"></testcase><testcase classname="lavendertest.MyTestCase" name="test_sum" time="0.000"></testcase><testcase classname="lavendertest.MyTestCase" name="test_variance" time="0.000"></testcase><testcase classname="lavendertest.MyTestCase" name="test_update_capabilities" time="0.000"></testcase><testcase classname="lavendertest.coretest.testingsessiontest.MyTestCase" name="test_update_capabilities" time="0.000"></testcase></testsuite>